<?xml version="1.0" encoding="UTF-8"?>
<!-- Generated by org.testng.reporters.JUnitReportReporter -->
<testsuite hostname="NODE196" name="com.spring.javabrains.TestBaseClass" tests="1" failures="0" timestamp="15 Jul 2015 09:21:00 GMT" time="0.014" errors="0">
  <testcase name="testgetEnvDetails" time="0.014" classname="com.spring.javabrains.TestBaseClass"/>
</testsuite> <!-- com.spring.javabrains.TestBaseClass -->
